2015-09-13 22:36:07 Error: [MissingPluginException] Plugin DebugKit could not be found.
Exception Attributes: array (
  'plugin' => 'DebugKit',
)
Request URL: /guc
Stack Trace:
#0 /Users/jaimeguaman/dev/sidepjs/earthquake-monitor/backend/lib/Cake/Core/App.php(227): CakePlugin::path('DebugKit')
#1 /Users/jaimeguaman/dev/sidepjs/earthquake-monitor/backend/lib/Cake/Core/App.php(549): App::path('Controller/Comp...', 'DebugKit')
#2 [internal function]: App::load('ToolbarComponen...')
#3 [internal function]: spl_autoload_call('ToolbarComponen...')
#4 /Users/jaimeguaman/dev/sidepjs/earthquake-monitor/backend/lib/Cake/Controller/ComponentCollection.php(110): class_exists('ToolbarComponen...')
#5 /Users/jaimeguaman/dev/sidepjs/earthquake-monitor/backend/lib/Cake/Controller/ComponentCollection.php(53): ComponentCollection->load('DebugKit.Toolba...', Array)
#6 /Users/jaimeguaman/dev/sidepjs/earthquake-monitor/backend/lib/Cake/Controller/Controller.php(643): ComponentCollection->init(Object(GucController))
#7 /Users/jaimeguaman/dev/sidepjs/earthquake-monitor/backend/lib/Cake/Routing/Dispatcher.php(188): Controller->constructClasses()
#8 /Users/jaimeguaman/dev/sidepjs/earthquake-monitor/backend/lib/Cake/Routing/Dispatcher.php(167): Dispatcher->_invoke(Object(GucController), Object(CakeRequest))
#9 /Users/jaimeguaman/dev/sidepjs/earthquake-monitor/backend/app/webroot/index.php(118): Dispatcher->dispatch(Object(CakeRequest), Object(CakeResponse))
#10 {main}
2015-09-13 22:42:41 Error: [MissingPluginException] Plugin DebugKit could not be found.
Exception Attributes: array (
  'plugin' => 'DebugKit',
)
Request URL: /guc
Stack Trace:
#0 /Users/jaimeguaman/dev/sidepjs/earthquake-monitor/backend/lib/Cake/Core/App.php(227): CakePlugin::path('DebugKit')
#1 /Users/jaimeguaman/dev/sidepjs/earthquake-monitor/backend/lib/Cake/Core/App.php(549): App::path('Controller/Comp...', 'DebugKit')
#2 [internal function]: App::load('ToolbarComponen...')
#3 [internal function]: spl_autoload_call('ToolbarComponen...')
#4 /Users/jaimeguaman/dev/sidepjs/earthquake-monitor/backend/lib/Cake/Controller/ComponentCollection.php(110): class_exists('ToolbarComponen...')
#5 /Users/jaimeguaman/dev/sidepjs/earthquake-monitor/backend/lib/Cake/Controller/ComponentCollection.php(53): ComponentCollection->load('DebugKit.Toolba...', Array)
#6 /Users/jaimeguaman/dev/sidepjs/earthquake-monitor/backend/lib/Cake/Controller/Controller.php(643): ComponentCollection->init(Object(GucController))
#7 /Users/jaimeguaman/dev/sidepjs/earthquake-monitor/backend/lib/Cake/Routing/Dispatcher.php(188): Controller->constructClasses()
#8 /Users/jaimeguaman/dev/sidepjs/earthquake-monitor/backend/lib/Cake/Routing/Dispatcher.php(167): Dispatcher->_invoke(Object(GucController), Object(CakeRequest))
#9 /Users/jaimeguaman/dev/sidepjs/earthquake-monitor/backend/app/webroot/index.php(118): Dispatcher->dispatch(Object(CakeRequest), Object(CakeResponse))
#10 {main}
2015-09-13 22:45:08 Error: [MissingPluginException] Plugin DebugKit could not be found.
Exception Attributes: array (
  'plugin' => 'DebugKit',
)
Request URL: /guc
Stack Trace:
#0 /Users/jaimeguaman/dev/sidepjs/earthquake-monitor/backend/lib/Cake/Core/App.php(227): CakePlugin::path('DebugKit')
#1 /Users/jaimeguaman/dev/sidepjs/earthquake-monitor/backend/lib/Cake/Core/App.php(549): App::path('Controller/Comp...', 'DebugKit')
#2 [internal function]: App::load('ToolbarComponen...')
#3 [internal function]: spl_autoload_call('ToolbarComponen...')
#4 /Users/jaimeguaman/dev/sidepjs/earthquake-monitor/backend/lib/Cake/Controller/ComponentCollection.php(110): class_exists('ToolbarComponen...')
#5 /Users/jaimeguaman/dev/sidepjs/earthquake-monitor/backend/lib/Cake/Controller/ComponentCollection.php(53): ComponentCollection->load('DebugKit.Toolba...', Array)
#6 /Users/jaimeguaman/dev/sidepjs/earthquake-monitor/backend/lib/Cake/Controller/Controller.php(643): ComponentCollection->init(Object(GucController))
#7 /Users/jaimeguaman/dev/sidepjs/earthquake-monitor/backend/lib/Cake/Routing/Dispatcher.php(188): Controller->constructClasses()
#8 /Users/jaimeguaman/dev/sidepjs/earthquake-monitor/backend/lib/Cake/Routing/Dispatcher.php(167): Dispatcher->_invoke(Object(GucController), Object(CakeRequest))
#9 /Users/jaimeguaman/dev/sidepjs/earthquake-monitor/backend/app/webroot/index.php(118): Dispatcher->dispatch(Object(CakeRequest), Object(CakeResponse))
#10 {main}
2015-09-13 22:45:48 Error: [MissingPluginException] Plugin DebugKit could not be found.
Exception Attributes: array (
  'plugin' => 'DebugKit',
)
Request URL: /guc
Stack Trace:
#0 /Users/jaimeguaman/dev/sidepjs/earthquake-monitor/backend/lib/Cake/Core/App.php(227): CakePlugin::path('DebugKit')
#1 /Users/jaimeguaman/dev/sidepjs/earthquake-monitor/backend/lib/Cake/Core/App.php(549): App::path('Controller/Comp...', 'DebugKit')
#2 [internal function]: App::load('ToolbarComponen...')
#3 [internal function]: spl_autoload_call('ToolbarComponen...')
#4 /Users/jaimeguaman/dev/sidepjs/earthquake-monitor/backend/lib/Cake/Controller/ComponentCollection.php(110): class_exists('ToolbarComponen...')
#5 /Users/jaimeguaman/dev/sidepjs/earthquake-monitor/backend/lib/Cake/Controller/ComponentCollection.php(53): ComponentCollection->load('DebugKit.Toolba...', Array)
#6 /Users/jaimeguaman/dev/sidepjs/earthquake-monitor/backend/lib/Cake/Controller/Controller.php(643): ComponentCollection->init(Object(GucController))
#7 /Users/jaimeguaman/dev/sidepjs/earthquake-monitor/backend/lib/Cake/Routing/Dispatcher.php(188): Controller->constructClasses()
#8 /Users/jaimeguaman/dev/sidepjs/earthquake-monitor/backend/lib/Cake/Routing/Dispatcher.php(167): Dispatcher->_invoke(Object(GucController), Object(CakeRequest))
#9 /Users/jaimeguaman/dev/sidepjs/earthquake-monitor/backend/app/webroot/index.php(118): Dispatcher->dispatch(Object(CakeRequest), Object(CakeResponse))
#10 {main}
2015-09-13 22:45:50 Error: [MissingPluginException] Plugin DebugKit could not be found.
Exception Attributes: array (
  'plugin' => 'DebugKit',
)
Request URL: /guc
Stack Trace:
#0 /Users/jaimeguaman/dev/sidepjs/earthquake-monitor/backend/lib/Cake/Core/App.php(227): CakePlugin::path('DebugKit')
#1 /Users/jaimeguaman/dev/sidepjs/earthquake-monitor/backend/lib/Cake/Core/App.php(549): App::path('Controller/Comp...', 'DebugKit')
#2 [internal function]: App::load('ToolbarComponen...')
#3 [internal function]: spl_autoload_call('ToolbarComponen...')
#4 /Users/jaimeguaman/dev/sidepjs/earthquake-monitor/backend/lib/Cake/Controller/ComponentCollection.php(110): class_exists('ToolbarComponen...')
#5 /Users/jaimeguaman/dev/sidepjs/earthquake-monitor/backend/lib/Cake/Controller/ComponentCollection.php(53): ComponentCollection->load('DebugKit.Toolba...', Array)
#6 /Users/jaimeguaman/dev/sidepjs/earthquake-monitor/backend/lib/Cake/Controller/Controller.php(643): ComponentCollection->init(Object(GucController))
#7 /Users/jaimeguaman/dev/sidepjs/earthquake-monitor/backend/lib/Cake/Routing/Dispatcher.php(188): Controller->constructClasses()
#8 /Users/jaimeguaman/dev/sidepjs/earthquake-monitor/backend/lib/Cake/Routing/Dispatcher.php(167): Dispatcher->_invoke(Object(GucController), Object(CakeRequest))
#9 /Users/jaimeguaman/dev/sidepjs/earthquake-monitor/backend/app/webroot/index.php(118): Dispatcher->dispatch(Object(CakeRequest), Object(CakeResponse))
#10 {main}
2015-09-13 22:48:57 Error: [MissingPluginException] Plugin DebugKit could not be found.
Exception Attributes: array (
  'plugin' => 'DebugKit',
)
Request URL: /guc
Stack Trace:
#0 /Users/jaimeguaman/dev/sidepjs/earthquake-monitor/backend/lib/Cake/Core/App.php(227): CakePlugin::path('DebugKit')
#1 /Users/jaimeguaman/dev/sidepjs/earthquake-monitor/backend/lib/Cake/Core/App.php(549): App::path('Controller/Comp...', 'DebugKit')
#2 [internal function]: App::load('ToolbarComponen...')
#3 [internal function]: spl_autoload_call('ToolbarComponen...')
#4 /Users/jaimeguaman/dev/sidepjs/earthquake-monitor/backend/lib/Cake/Controller/ComponentCollection.php(110): class_exists('ToolbarComponen...')
#5 /Users/jaimeguaman/dev/sidepjs/earthquake-monitor/backend/lib/Cake/Controller/ComponentCollection.php(53): ComponentCollection->load('DebugKit.Toolba...', Array)
#6 /Users/jaimeguaman/dev/sidepjs/earthquake-monitor/backend/lib/Cake/Controller/Controller.php(643): ComponentCollection->init(Object(GucController))
#7 /Users/jaimeguaman/dev/sidepjs/earthquake-monitor/backend/lib/Cake/Routing/Dispatcher.php(188): Controller->constructClasses()
#8 /Users/jaimeguaman/dev/sidepjs/earthquake-monitor/backend/lib/Cake/Routing/Dispatcher.php(167): Dispatcher->_invoke(Object(GucController), Object(CakeRequest))
#9 /Users/jaimeguaman/dev/sidepjs/earthquake-monitor/backend/app/webroot/index.php(118): Dispatcher->dispatch(Object(CakeRequest), Object(CakeResponse))
#10 {main}
2015-09-13 22:48:58 Error: [MissingPluginException] Plugin DebugKit could not be found.
Exception Attributes: array (
  'plugin' => 'DebugKit',
)
Request URL: /guc
Stack Trace:
#0 /Users/jaimeguaman/dev/sidepjs/earthquake-monitor/backend/lib/Cake/Core/App.php(227): CakePlugin::path('DebugKit')
#1 /Users/jaimeguaman/dev/sidepjs/earthquake-monitor/backend/lib/Cake/Core/App.php(549): App::path('Controller/Comp...', 'DebugKit')
#2 [internal function]: App::load('ToolbarComponen...')
#3 [internal function]: spl_autoload_call('ToolbarComponen...')
#4 /Users/jaimeguaman/dev/sidepjs/earthquake-monitor/backend/lib/Cake/Controller/ComponentCollection.php(110): class_exists('ToolbarComponen...')
#5 /Users/jaimeguaman/dev/sidepjs/earthquake-monitor/backend/lib/Cake/Controller/ComponentCollection.php(53): ComponentCollection->load('DebugKit.Toolba...', Array)
#6 /Users/jaimeguaman/dev/sidepjs/earthquake-monitor/backend/lib/Cake/Controller/Controller.php(643): ComponentCollection->init(Object(GucController))
#7 /Users/jaimeguaman/dev/sidepjs/earthquake-monitor/backend/lib/Cake/Routing/Dispatcher.php(188): Controller->constructClasses()
#8 /Users/jaimeguaman/dev/sidepjs/earthquake-monitor/backend/lib/Cake/Routing/Dispatcher.php(167): Dispatcher->_invoke(Object(GucController), Object(CakeRequest))
#9 /Users/jaimeguaman/dev/sidepjs/earthquake-monitor/backend/app/webroot/index.php(118): Dispatcher->dispatch(Object(CakeRequest), Object(CakeResponse))
#10 {main}
2015-09-13 22:48:59 Error: [MissingPluginException] Plugin DebugKit could not be found.
Exception Attributes: array (
  'plugin' => 'DebugKit',
)
Request URL: /guc
Stack Trace:
#0 /Users/jaimeguaman/dev/sidepjs/earthquake-monitor/backend/lib/Cake/Core/App.php(227): CakePlugin::path('DebugKit')
#1 /Users/jaimeguaman/dev/sidepjs/earthquake-monitor/backend/lib/Cake/Core/App.php(549): App::path('Controller/Comp...', 'DebugKit')
#2 [internal function]: App::load('ToolbarComponen...')
#3 [internal function]: spl_autoload_call('ToolbarComponen...')
#4 /Users/jaimeguaman/dev/sidepjs/earthquake-monitor/backend/lib/Cake/Controller/ComponentCollection.php(110): class_exists('ToolbarComponen...')
#5 /Users/jaimeguaman/dev/sidepjs/earthquake-monitor/backend/lib/Cake/Controller/ComponentCollection.php(53): ComponentCollection->load('DebugKit.Toolba...', Array)
#6 /Users/jaimeguaman/dev/sidepjs/earthquake-monitor/backend/lib/Cake/Controller/Controller.php(643): ComponentCollection->init(Object(GucController))
#7 /Users/jaimeguaman/dev/sidepjs/earthquake-monitor/backend/lib/Cake/Routing/Dispatcher.php(188): Controller->constructClasses()
#8 /Users/jaimeguaman/dev/sidepjs/earthquake-monitor/backend/lib/Cake/Routing/Dispatcher.php(167): Dispatcher->_invoke(Object(GucController), Object(CakeRequest))
#9 /Users/jaimeguaman/dev/sidepjs/earthquake-monitor/backend/app/webroot/index.php(118): Dispatcher->dispatch(Object(CakeRequest), Object(CakeResponse))
#10 {main}
2015-09-13 22:48:59 Error: [MissingPluginException] Plugin DebugKit could not be found.
Exception Attributes: array (
  'plugin' => 'DebugKit',
)
Request URL: /guc
Stack Trace:
#0 /Users/jaimeguaman/dev/sidepjs/earthquake-monitor/backend/lib/Cake/Core/App.php(227): CakePlugin::path('DebugKit')
#1 /Users/jaimeguaman/dev/sidepjs/earthquake-monitor/backend/lib/Cake/Core/App.php(549): App::path('Controller/Comp...', 'DebugKit')
#2 [internal function]: App::load('ToolbarComponen...')
#3 [internal function]: spl_autoload_call('ToolbarComponen...')
#4 /Users/jaimeguaman/dev/sidepjs/earthquake-monitor/backend/lib/Cake/Controller/ComponentCollection.php(110): class_exists('ToolbarComponen...')
#5 /Users/jaimeguaman/dev/sidepjs/earthquake-monitor/backend/lib/Cake/Controller/ComponentCollection.php(53): ComponentCollection->load('DebugKit.Toolba...', Array)
#6 /Users/jaimeguaman/dev/sidepjs/earthquake-monitor/backend/lib/Cake/Controller/Controller.php(643): ComponentCollection->init(Object(GucController))
#7 /Users/jaimeguaman/dev/sidepjs/earthquake-monitor/backend/lib/Cake/Routing/Dispatcher.php(188): Controller->constructClasses()
#8 /Users/jaimeguaman/dev/sidepjs/earthquake-monitor/backend/lib/Cake/Routing/Dispatcher.php(167): Dispatcher->_invoke(Object(GucController), Object(CakeRequest))
#9 /Users/jaimeguaman/dev/sidepjs/earthquake-monitor/backend/app/webroot/index.php(118): Dispatcher->dispatch(Object(CakeRequest), Object(CakeResponse))
#10 {main}
2015-09-13 22:48:59 Error: [MissingPluginException] Plugin DebugKit could not be found.
Exception Attributes: array (
  'plugin' => 'DebugKit',
)
Request URL: /guc
Stack Trace:
#0 /Users/jaimeguaman/dev/sidepjs/earthquake-monitor/backend/lib/Cake/Core/App.php(227): CakePlugin::path('DebugKit')
#1 /Users/jaimeguaman/dev/sidepjs/earthquake-monitor/backend/lib/Cake/Core/App.php(549): App::path('Controller/Comp...', 'DebugKit')
#2 [internal function]: App::load('ToolbarComponen...')
#3 [internal function]: spl_autoload_call('ToolbarComponen...')
#4 /Users/jaimeguaman/dev/sidepjs/earthquake-monitor/backend/lib/Cake/Controller/ComponentCollection.php(110): class_exists('ToolbarComponen...')
#5 /Users/jaimeguaman/dev/sidepjs/earthquake-monitor/backend/lib/Cake/Controller/ComponentCollection.php(53): ComponentCollection->load('DebugKit.Toolba...', Array)
#6 /Users/jaimeguaman/dev/sidepjs/earthquake-monitor/backend/lib/Cake/Controller/Controller.php(643): ComponentCollection->init(Object(GucController))
#7 /Users/jaimeguaman/dev/sidepjs/earthquake-monitor/backend/lib/Cake/Routing/Dispatcher.php(188): Controller->constructClasses()
#8 /Users/jaimeguaman/dev/sidepjs/earthquake-monitor/backend/lib/Cake/Routing/Dispatcher.php(167): Dispatcher->_invoke(Object(GucController), Object(CakeRequest))
#9 /Users/jaimeguaman/dev/sidepjs/earthquake-monitor/backend/app/webroot/index.php(118): Dispatcher->dispatch(Object(CakeRequest), Object(CakeResponse))
#10 {main}
2015-09-13 22:48:59 Error: [MissingPluginException] Plugin DebugKit could not be found.
Exception Attributes: array (
  'plugin' => 'DebugKit',
)
Request URL: /guc
Stack Trace:
#0 /Users/jaimeguaman/dev/sidepjs/earthquake-monitor/backend/lib/Cake/Core/App.php(227): CakePlugin::path('DebugKit')
#1 /Users/jaimeguaman/dev/sidepjs/earthquake-monitor/backend/lib/Cake/Core/App.php(549): App::path('Controller/Comp...', 'DebugKit')
#2 [internal function]: App::load('ToolbarComponen...')
#3 [internal function]: spl_autoload_call('ToolbarComponen...')
#4 /Users/jaimeguaman/dev/sidepjs/earthquake-monitor/backend/lib/Cake/Controller/ComponentCollection.php(110): class_exists('ToolbarComponen...')
#5 /Users/jaimeguaman/dev/sidepjs/earthquake-monitor/backend/lib/Cake/Controller/ComponentCollection.php(53): ComponentCollection->load('DebugKit.Toolba...', Array)
#6 /Users/jaimeguaman/dev/sidepjs/earthquake-monitor/backend/lib/Cake/Controller/Controller.php(643): ComponentCollection->init(Object(GucController))
#7 /Users/jaimeguaman/dev/sidepjs/earthquake-monitor/backend/lib/Cake/Routing/Dispatcher.php(188): Controller->constructClasses()
#8 /Users/jaimeguaman/dev/sidepjs/earthquake-monitor/backend/lib/Cake/Routing/Dispatcher.php(167): Dispatcher->_invoke(Object(GucController), Object(CakeRequest))
#9 /Users/jaimeguaman/dev/sidepjs/earthquake-monitor/backend/app/webroot/index.php(118): Dispatcher->dispatch(Object(CakeRequest), Object(CakeResponse))
#10 {main}
2015-09-13 22:49:00 Error: [MissingPluginException] Plugin DebugKit could not be found.
Exception Attributes: array (
  'plugin' => 'DebugKit',
)
Request URL: /guc
Stack Trace:
#0 /Users/jaimeguaman/dev/sidepjs/earthquake-monitor/backend/lib/Cake/Core/App.php(227): CakePlugin::path('DebugKit')
#1 /Users/jaimeguaman/dev/sidepjs/earthquake-monitor/backend/lib/Cake/Core/App.php(549): App::path('Controller/Comp...', 'DebugKit')
#2 [internal function]: App::load('ToolbarComponen...')
#3 [internal function]: spl_autoload_call('ToolbarComponen...')
#4 /Users/jaimeguaman/dev/sidepjs/earthquake-monitor/backend/lib/Cake/Controller/ComponentCollection.php(110): class_exists('ToolbarComponen...')
#5 /Users/jaimeguaman/dev/sidepjs/earthquake-monitor/backend/lib/Cake/Controller/ComponentCollection.php(53): ComponentCollection->load('DebugKit.Toolba...', Array)
#6 /Users/jaimeguaman/dev/sidepjs/earthquake-monitor/backend/lib/Cake/Controller/Controller.php(643): ComponentCollection->init(Object(GucController))
#7 /Users/jaimeguaman/dev/sidepjs/earthquake-monitor/backend/lib/Cake/Routing/Dispatcher.php(188): Controller->constructClasses()
#8 /Users/jaimeguaman/dev/sidepjs/earthquake-monitor/backend/lib/Cake/Routing/Dispatcher.php(167): Dispatcher->_invoke(Object(GucController), Object(CakeRequest))
#9 /Users/jaimeguaman/dev/sidepjs/earthquake-monitor/backend/app/webroot/index.php(118): Dispatcher->dispatch(Object(CakeRequest), Object(CakeResponse))
#10 {main}
2015-09-13 19:53:47 Error: [MissingActionException] Action GucController::index() could not be found.
Exception Attributes: array (
  'controller' => 'GucController',
  'action' => 'index',
)
Request URL: /guc
Stack Trace:
#0 /Users/jaimeguaman/dev/sidepjs/earthquake-monitor/backend/lib/Cake/Routing/Dispatcher.php(193): Controller->invokeAction(Object(CakeRequest))
#1 /Users/jaimeguaman/dev/sidepjs/earthquake-monitor/backend/lib/Cake/Routing/Dispatcher.php(167): Dispatcher->_invoke(Object(GucController), Object(CakeRequest))
#2 /Users/jaimeguaman/dev/sidepjs/earthquake-monitor/backend/app/webroot/index.php(118): Dispatcher->dispatch(Object(CakeRequest), Object(CakeResponse))
#3 {main}
2015-09-13 19:54:28 Error: [PDOException] SQLSTATE[HY000]: General error: 1366 Incorrect decimal value: '3.1 Ml GUC' for column 'magnitude' at row 1
Request URL: /guc/getFromtoday
Stack Trace:
#0 /Users/jaimeguaman/dev/sidepjs/earthquake-monitor/backend/lib/Cake/Model/Datasource/DboSource.php(461): PDOStatement->execute(Array)
#1 /Users/jaimeguaman/dev/sidepjs/earthquake-monitor/backend/lib/Cake/Model/Datasource/DboSource.php(427): DboSource->_execute('INSERT INTO `ea...', Array)
#2 /Users/jaimeguaman/dev/sidepjs/earthquake-monitor/backend/lib/Cake/Model/Datasource/DboSource.php(1014): DboSource->execute('INSERT INTO `ea...')
#3 /Users/jaimeguaman/dev/sidepjs/earthquake-monitor/backend/lib/Cake/Model/Model.php(1928): DboSource->create(Object(EventMetadatum), Array, Array)
#4 /Users/jaimeguaman/dev/sidepjs/earthquake-monitor/backend/lib/Cake/Model/Model.php(1751): Model->_doSave(Array, Array)
#5 /Users/jaimeguaman/dev/sidepjs/earthquake-monitor/backend/app/Controller/GucController.php(129): Model->save(Array)
#6 /Users/jaimeguaman/dev/sidepjs/earthquake-monitor/backend/app/Controller/GucController.php(54): GucController->doScrapping('http://sismolog...')
#7 [internal function]: GucController->getFromtoday()
#8 /Users/jaimeguaman/dev/sidepjs/earthquake-monitor/backend/lib/Cake/Controller/Controller.php(490): ReflectionMethod->invokeArgs(Object(GucController), Array)
#9 /Users/jaimeguaman/dev/sidepjs/earthquake-monitor/backend/lib/Cake/Routing/Dispatcher.php(193): Controller->invokeAction(Object(CakeRequest))
#10 /Users/jaimeguaman/dev/sidepjs/earthquake-monitor/backend/lib/Cake/Routing/Dispatcher.php(167): Dispatcher->_invoke(Object(GucController), Object(CakeRequest))
#11 /Users/jaimeguaman/dev/sidepjs/earthquake-monitor/backend/app/webroot/index.php(118): Dispatcher->dispatch(Object(CakeRequest), Object(CakeResponse))
#12 {main}
2015-09-13 20:11:49 Error: [MissingActionException] Action GucController::index() could not be found.
Exception Attributes: array (
  'controller' => 'GucController',
  'action' => 'index',
)
Request URL: /guc
Stack Trace:
#0 /Users/jaimeguaman/dev/sidepjs/earthquake-monitor/backend/lib/Cake/Routing/Dispatcher.php(193): Controller->invokeAction(Object(CakeRequest))
#1 /Users/jaimeguaman/dev/sidepjs/earthquake-monitor/backend/lib/Cake/Routing/Dispatcher.php(167): Dispatcher->_invoke(Object(GucController), Object(CakeRequest))
#2 /Users/jaimeguaman/dev/sidepjs/earthquake-monitor/backend/app/webroot/index.php(118): Dispatcher->dispatch(Object(CakeRequest), Object(CakeResponse))
#3 {main}
2015-09-13 20:21:19 Alert: 
GucController::getFromtoday() - APP/Controller/GucController.php, line 40
ReflectionMethod::invokeArgs() - [internal], line ??
Controller::invokeAction() - CORE/Cake/Controller/Controller.php, line 490
Dispatcher::_invoke() - CORE/Cake/Routing/Dispatcher.php, line 193
Dispatcher::dispatch() - CORE/Cake/Routing/Dispatcher.php, line 167
[main] - APP/webroot/index.php, line 118
'2015-09-13'
2015-09-13 23:22:59 Error: [MissingPluginException] Plugin DebugKit could not be found.
Exception Attributes: array (
  'plugin' => 'DebugKit',
)
Request URL: /guc/getFromtoday
Stack Trace:
#0 /Users/jaimeguaman/dev/sidepjs/earthquake-monitor/backend/lib/Cake/Core/App.php(227): CakePlugin::path('DebugKit')
#1 /Users/jaimeguaman/dev/sidepjs/earthquake-monitor/backend/lib/Cake/Core/App.php(549): App::path('Controller/Comp...', 'DebugKit')
#2 [internal function]: App::load('ToolbarComponen...')
#3 [internal function]: spl_autoload_call('ToolbarComponen...')
#4 /Users/jaimeguaman/dev/sidepjs/earthquake-monitor/backend/lib/Cake/Controller/ComponentCollection.php(110): class_exists('ToolbarComponen...')
#5 /Users/jaimeguaman/dev/sidepjs/earthquake-monitor/backend/lib/Cake/Controller/ComponentCollection.php(53): ComponentCollection->load('DebugKit.Toolba...', Array)
#6 /Users/jaimeguaman/dev/sidepjs/earthquake-monitor/backend/lib/Cake/Controller/Controller.php(643): ComponentCollection->init(Object(GucController))
#7 /Users/jaimeguaman/dev/sidepjs/earthquake-monitor/backend/lib/Cake/Routing/Dispatcher.php(188): Controller->constructClasses()
#8 /Users/jaimeguaman/dev/sidepjs/earthquake-monitor/backend/lib/Cake/Routing/Dispatcher.php(167): Dispatcher->_invoke(Object(GucController), Object(CakeRequest))
#9 /Users/jaimeguaman/dev/sidepjs/earthquake-monitor/backend/app/webroot/index.php(118): Dispatcher->dispatch(Object(CakeRequest), Object(CakeResponse))
#10 {main}
